<?xml version="1.0" encoding="UTF-8"?>
<!-- Generated by org.testng.reporters.JUnitReportReporter -->
<testsuite hostname="APR-PC" failures="0" tests="3" name="com.simplilearn.SwagLabs_TestNg.LoginTest" time="43.352" errors="0" timestamp="2024-10-08T21:50:36 IST" skipped="0">
  <testcase classname="com.simplilearn.SwagLabs_TestNg.LoginTest" name="TC03_LockedUserTest" time="33.721"/>
  <testcase classname="com.simplilearn.SwagLabs_TestNg.LoginTest" name="TC01_LoginSuccessTest" time="5.851"/>
  <testcase classname="com.simplilearn.SwagLabs_TestNg.LoginTest" name="TC02_LoginFailureTest" time="3.780"/>
</testsuite> <!-- com.simplilearn.SwagLabs_TestNg.LoginTest -->
