<?xml version="1.0" encoding="UTF-8"?>
<!-- Generated by org.testng.reporters.JUnitReportReporter -->
<testsuite hostname="APR-PC" failures="0" tests="1" name="com.simplilearn.SwagLabs_TestNg.HomePageTest" time="4.727" errors="0" timestamp="2024-10-08T21:50:36 IST" skipped="0">
  <testcase classname="com.simplilearn.SwagLabs_TestNg.HomePageTest" name="TC01_AddToCartTest" time="4.727"/>
</testsuite> <!-- com.simplilearn.SwagLabs_TestNg.HomePageTest -->
